app/build/outputs/logs/manifest-merger-debug-report.txt
-- Merging decision tree log ---
manifest
ADDED from src\main\AndroidManifest.xml:1:1-28:12
	package
		ADDED from src\main\AndroidManifest.xml:2:5-39
		INJECTED from src\main\AndroidManifest.xml
		INJECTED from src\main\AndroidManifest.xml
	android:versionName
		ADDED from src\main\AndroidManifest.xml:4:5-30
		INJECTED from src\main\AndroidManifest.xml
		INJECTED from src\main\AndroidManifest.xml
	android:versionCode
		ADDED from src\main\AndroidManifest.xml:3:5-28
		INJECTED from src\main\AndroidManifest.xml
		INJECTED from src\main\AndroidManifest.xml
	xmlns:android
		ADDED from src\main\AndroidManifest.xml:1:11-69
uses-sdk
ADDED from src\main\AndroidManifest.xml:6:5-8:41
	android:targetSdkVersion
		ADDED from src\main\AndroidManifest.xml:8:9-38
		INJECTED from src\main\AndroidManifest.xml
		INJECTED from src\main\AndroidManifest.xml
	android:minSdkVersion
		ADDED from src\main\AndroidManifest.xml:7:9-35
		INJECTED from src\main\AndroidManifest.xml
		INJECTED from src\main\AndroidManifest.xml
application
ADDED from src\main\AndroidManifest.xml:10:5-26:19
	android:label
		ADDED from src\main\AndroidManifest.xml:13:9-41
	android:allowBackup
		ADDED from src\main\AndroidManifest.xml:11:9-35
	android:icon
		ADDED from src\main\AndroidManifest.xml:12:9-45
	android:theme
		ADDED from src\main\AndroidManifest.xml:14:9-40
activity#com.service.demo.Main
ADDED from src\main\AndroidManifest.xml:16:9-21:20
	android:name
		ADDED from src\main\AndroidManifest.xml:16:19-55
intent-filter#android.intent.action.MAIN+android.intent.category.LAUNCHER
ADDED from src\main\AndroidManifest.xml:17:13-20:29
action#android.intent.action.MAIN
ADDED from src\main\AndroidManifest.xml:18:17-68
	android:name
		ADDED from src\main\AndroidManifest.xml:18:25-66
category#android.intent.category.LAUNCHER
ADDED from src\main\AndroidManifest.xml:19:17-76
	android:name
		ADDED from src\main\AndroidManifest.xml:19:27-74
service#com.service.demo.Service1
ADDED from src\main\AndroidManifest.xml:23:9-120
	android:enabled
		ADDED from src\main\AndroidManifest.xml:23:18-40
	android:process
		ADDED from src\main\AndroidManifest.xml:23:82-109
	android:name
		ADDED from src\main\AndroidManifest.xml:23:41-81
service#com.service.demo.Service2
ADDED from src\main\AndroidManifest.xml:24:9-120
	android:enabled
		ADDED from src\main\AndroidManifest.xml:24:18-40
	android:process
		ADDED from src\main\AndroidManifest.xml:24:82-109
	android:name
		ADDED from src\main\AndroidManifest.xml:24:41-81